 PDCYL Output File

 Advanced single-aisle civil transport             

              3  ICALC     

 Wing
 Geometry
        29.3960  WSWEEP    
         9.4500  WAR       
         0.2373  WTAPER    
         0.1450  WTCROOT   
         0.1040  WTCTIP    
      1343.8000  WAREA     
 Material Properties
         1.0000  PS        
         0.0200  TMGW      
         0.6560  EFFW      
         1.0300  EFFC      
     0.1070E+08  ESW       
     54000.0000  FCSW      
         0.1010  DSW       
         1.0000  KDEW      
         1.0000  KDFW      
 Geometric Parameters
              2  ISTAMA    

         0.1000  CS1       
         0.3000  CS2       
        10.0729  UWWG      
         0.3671  XWLOC1    
 Structural Concept
         0.0010  CLAQR     
              2  IFUEL     

         1.0000  CWMAN     
     0.6250E-04  CF        


 Tails
              1  ITAIL     

         6.0503  UWT       
         0.8959  CLRT      
       408.5716  HAREA     


 Fuselage
 Geometry
         1.4763  FRN       
         1.9684  FRAB      
       124.7500  BODL      
        12.6754  BDMAX     
 Structural Concept
         5.2400  CKF       
         2.3600  EC        
         0.3680  KGC       
         0.5050  KGW       
              4  KCONT(1)  
              4  KCONB(1)  






 Material Properties
     0.5850E+05  FTST(1)   
     0.5850E+05  FTSB(1)   
     0.5400E+05  FCST(1)   
     0.5400E+05  FCSB(1)   
     0.1070E+08  EST(1)    
     0.1070E+08  ESB(1)    
     0.1070E+08  EFT(1)    
     0.1070E+08  EFB(1)    
         0.1010  DST(1)    
         0.1010  DSB(1)    
         0.1010  DFT(1)    
         0.1010  DFB(1)    
         0.0710  TMGT(1)   
         0.0710  TMGB(1)   
         1.0000  KDE       
         1.0000  KDF       
 Geometric Parameters
         1.1000  CLBR1     
              1  ICYL      



 Engines
              2  NENG      
              2  NENGWING  
         0.0958  WFP       
         0.2813  CLRW1     

         0.9990  CLRW2     
         0.9990  CLRW3     


 Loads
         2.5000  DESLF     
         3.7500  ULTLF     
         0.0000  AXAC      
         1.0000  CMAN      
              3  ILOAD     


         0.4660  PGT(1)    
        13.6500  PGB(1)    
         0.0010  WFBUMP    
         0.9000  WFLAND    


 Landing Gear
        10.0000  VSINK     
         1.5000  STROKE    
         0.1075  CLRG1     
         0.5175  CLRG2     
         0.0057  WFGR1     
         0.0439  WFGR2     
              2  IGEAR     

         0.0010  GFRL      
         0.1664  CLRGW1    
         0.0000  CLRGW2    



 Weights
    153798.7031  WGTO      
         0.2346  WTFF      
         1.0000  CBUM      
         0.8600  CLAN      


 Factors
              1  ISCHRENK  

              1  ICOMND    

         1.0000  WGNO      
         1.2000  SLFMB     
         0.0000  WMIS      
         0.0000  WSUR      
         1.0000  WCW       
         0.0000  WCA       
             40  NWING     


 Above this line may be used as the input file.

 PDCYL Outputs

  Beam Method Structures Output

  Wing Spanwise Conditions

    SPAN      BS      ROOTCP   TIPC    TAPER  TRATWR  TRATWT   GAML      GAMT    GAMSD     VWING     WFUEL      DENW
    FT        FT      FT       FT                              DEG.      DEG.    DEG.      FT3        LBS        LB/FT3           
 112.6894    55.868  17.6214   4.5747  0.237  0.145  0.104  29.39600  16.82904  26.480   1223.111   36075.02    40.561
 
 
  Wing      Chord     Length     Length     Bend      Web    Cover        Web         Cgage       Wgage      UnitWt    UnitWt  Cond                    
  Station                        Prime      Mom      Space   Thick       Thick        Thick       Thick      Covers    Webs                      
     ft        ft        ft       ft       ft-lbs       in       in         in          in          in       lb/ft2    lb/ft2               
   55.868    4.5747    2.3746   2.3746        138.    0.1694   0.0543    0.03960      0.0200     0.02000     0.7904    0.5760    3
   54.471    4.9009    2.5653   2.5653       1856.    0.3449   0.0543    0.03960      0.0200     0.02000     0.7904    0.5760    3
   53.075    5.2270    2.7561   2.7561       6330.    0.4861   0.0543    0.03960      0.0200     0.02000     0.7904    0.5760    3
   51.678    5.5532    2.9468   2.9468      14159.    0.6116   0.0543    0.03960      0.0200     0.02000     0.7904    0.5760    3
   50.281    5.8794    3.1376   3.1376      25798.    0.7283   0.0543    0.03960      0.0200     0.02000     0.7904    0.5760    3
   48.884    6.2055    3.3284   3.3284      41623.    0.8390   0.0543    0.03960      0.0200     0.02000     0.7904    0.5760    3
   47.488    6.5317    3.5191   3.5191      61959.    0.9456   0.0543    0.03960      0.0200     0.02000     0.7904    0.5760    3
   46.091    6.8579    3.7099   3.7099      87091.    1.0490   0.0543    0.03960      0.0200     0.02000     0.7904    0.5760    3
   44.694    7.1841    3.9006   3.9006     117275.    1.1501   0.0576    0.03960      0.0212     0.02000     0.8372    0.5760    5
   43.298    7.5102    4.0914   4.0914     152739.    1.2493   0.0677    0.03960      0.0249     0.02000     0.9854    0.5760    5
   41.901    7.8364    4.2822   4.2822     193690.    1.3470   0.0780    0.03960      0.0287     0.02000     1.1339    0.5760    5
   40.504    8.1626    4.4729   4.4729     240313.    1.4434   0.0881    0.03960      0.0324     0.02000     1.2815    0.5760    5
   39.108    8.4887    4.6637   4.6637     292779.    1.5387   0.0981    0.03960      0.0361     0.02000     1.4272    0.5760    5
   37.711    8.8149    4.8544   4.8544     351235.    1.6332   0.1080    0.03960      0.0397     0.02000     1.5702    0.5760    5
   36.314    9.1411    5.0452   5.0452     415821.    1.7268   0.1176    0.03960      0.0433     0.02000     1.7099    0.5760    5
   34.917    9.4672    5.2359   5.2359     486651.    1.8198   0.1269    0.03960      0.0467     0.02000     1.8458    0.5760    5
   33.521    9.7934    5.4267   5.4267     563834.    1.9122   0.1360    0.03960      0.0500     0.02000     1.9777    0.5760    5
   32.124   10.1196    5.6175   5.6175     647458.    2.0041   0.1448    0.03960      0.0533     0.02000     2.1053    0.5760    5
   30.727   10.4457    5.8082   5.8082     737601.    2.0955   0.1532    0.03960      0.0564     0.02000     2.2284    0.5760    5
   29.331   10.7719    5.9990   5.9990     834325.    2.1864   0.1614    0.03960      0.0594     0.02000     2.3469    0.5760    5
   27.934   11.0981    6.1897   6.1897     937677.    2.2769   0.1692    0.03960      0.0623     0.02000     2.4608    0.5760    5
   26.537   11.4242    6.3805   6.3805    1047695.    2.3671   0.1767    0.03960      0.0650     0.02000     2.5700    0.5760    5
   25.141   11.7504    6.5713   6.5713    1164400.    2.4569   0.1839    0.03960      0.0677     0.02000     2.6745    0.5760    5
   23.744   12.0766    6.7620   6.7620    1287798.    2.5464   0.1908    0.03960      0.0702     0.02000     2.7744    0.5760    5
   22.347   12.4027    6.9528   6.9528    1417884.    2.6356   0.1973    0.03960      0.0726     0.02000     2.8697    0.5760    5
   20.950   12.7289    7.1435   7.1435    1554642.    2.7244   0.2035    0.03960      0.0749     0.02000     2.9604    0.5760    5
   19.554   13.0551    7.3343   7.3343    1698036.    2.8130   0.2095    0.03960      0.0771     0.02000     3.0466    0.5760    5
   18.157   13.3812    7.5251   7.5251    1848020.    2.9012   0.2151    0.03960      0.0792     0.02000     3.1283    0.5760    5
   16.760   13.7074    7.7158   7.7158    2004537.    2.9891   0.2204    0.03960      0.0811     0.02000     3.2056    0.5760    5
   15.364   14.0336    7.9066   7.9066    2167507.    3.0767   0.2254    0.03960      0.0830     0.02000     3.2787    0.5760    5
   13.967   14.3597    8.0973   8.0973    2336846.    3.1641   0.2302    0.03960      0.0847     0.02000     3.3475    0.5760    5
   12.570   14.6859    8.2881   8.2881    2512451.    3.2511   0.2346    0.03960      0.0863     0.02000     3.4122    0.5760    5
   11.174   15.0121    8.4788   8.4788    2694205.    3.3377   0.2388    0.03960      0.0879     0.02000     3.4728    0.5760    5
    9.777   15.3382    8.6696   8.6696    2858459.    3.4166   0.2407    0.03960      0.0886     0.02000     3.5006    0.5760    5
    8.380   15.6644    8.8604   8.8604    3013492.    3.4910   0.2413    0.03960      0.0888     0.02000     3.5097    0.5760    5
    6.983   15.9906    9.0511   9.0511    3174232.    3.5659   0.2420    0.03960      0.0890     0.02000     3.5192    0.5760    5
    5.587   16.3168    9.2419   8.8421    3340483.    3.6411   0.2426    0.03960      0.0893     0.02000     3.5287    0.5760    5
    4.190   16.6429    9.4326   7.2081    3511162.    3.7163   0.2432    0.03960      0.0895     0.02000     3.5370    0.5760    5
    2.793   16.9691    9.6234   5.5740    3684679.    3.7911   0.2436    0.03960      0.0896     0.02000     3.5427    0.5760    5
    1.397   17.2953    9.8142   3.9399    3859885.    3.8652   0.2437    0.03960      0.0897     0.02000     3.5450    0.5760    5
    0.000   17.6214   10.0049   2.3059    4034974.    3.9383   0.2436    0.03960      0.0896     0.02000     3.5426    0.5760    5

  Carrythrough Box Dimensions
    Length                                  10.5729 ft
    Width                                   12.6754 ft
    Height                                   2.5551 ft
    Side Plate Thickness                     0.3140 ft
    Top Plate Thickness                      0.1009 ft

    Total Box Torque                     1225796.88 ft-lbs
    Failure Criterion                        5

  Wing Weight Breakdown
    Wing Panels Total                         6474. lbs
      Weight due to Shear (each)            90.8139 lbs
      Weight due to Bending (each)        3146.4302 lbs
    Carrythrough Box Total                    1733. lbs
      Weight due to Shear                   37.0234 lbs
      Weight due to Bending               1526.7639 lbs
      Weight due to Torque                 169.4670 lbs
    Total Wing Structural Weight              8208. lbs

    Tip Deflection                           4.7865 ft



 Center of Gravity Estimation
   Note: Locations are referenced to the nose
   Note: These weights are only used for Loads and CG estimations
   Fuselage CG           61.21 ft
     Weight           84684.69 lbs
   Wing CG               60.78 ft
     Weight           44282.77 lbs
   Tail CG              111.76 ft
     Weight            2472.00 lbs
   Propulsion CG         56.58 ft
     Weight           14741.61 lbs
   Landing Gear CG       58.70 ft
     Weight            7617.65 lbs
 Overall CG              61.33 ft
   Weight            153798.72 lbs



    Fuse      Bending      Thick      Shell      Equiv     Gage     Frame      Cond   Section     Shell    Frame    Max
    Stat      Moment                 Stress      Thick    Thick     Space            Area        UnitWt   UnitWt  Bending
     ft        ft lbs       in         psi        in        in        in             sq ft       lb/ft2   lb/ft2   Case
   2.0792       602.334   0.0000       12.7358   0.1448   0.0710 92437.0313    3      27.2241    2.1055   0.0000    MAN 
   4.1583      3912.676   0.0000       51.0052   0.1448   0.0710 23081.2109    3      44.1573    2.1055   0.0000    MAN 
   6.2375     11689.113   0.0000      114.8288   0.1448   0.0710 10252.3164    3      58.5968    2.1055   0.0000    MAN 
   8.3167     25409.551   0.0000      204.2153   0.1448   0.0710  5764.8071    3      71.6229    2.1055   0.0000    MAN 
  10.3958     46403.523   0.0000      319.1694   0.1448   0.0710  3688.5161    3      83.6898    2.1055   0.0000    MAN 
  12.4750     75901.406   0.0000      459.6953   0.1448   0.0710  2560.9612    3      95.0436    2.1055   0.0000    MAN 
  14.5542    118806.406   0.0000      646.1697   0.1448   0.0710  1821.9076    3     105.8367    2.1055   0.0000    MAN 
  16.6333    175537.172   0.0000      869.7828   0.1448   0.0710  1353.5122    3     116.1720    2.1055   0.0001    MAN 
  18.7125    244081.438   0.0000     1113.9993   0.1448   0.0710  1056.7886    3     126.1226    2.1055   0.0001    MAN 
  20.7917    325288.375   0.0000     1484.6315   0.1448   0.0710   792.9655    3     126.1226    2.1055   0.0002    MAN 
  22.8708    419325.094   0.0000     1913.8196   0.1448   0.0710   615.1372    3     126.1226    2.1055   0.0003    MAN 
  24.9500    526191.750   0.0000     2401.5642   0.1448   0.0710   490.2062    3     126.1226    2.1055   0.0005    MAN 
  27.0292    645888.313   0.0000     2947.8647   0.1448   0.0710   399.3608    3     126.1226    2.1055   0.0008    MAN 
  29.1083    778415.000   0.0000     3552.7229   0.1448   0.0710   331.3688    3     126.1226    2.1055   0.0012    MAN 
  31.1875    923771.438   0.0000     4216.1367   0.1448   0.0710   279.2276    3     126.1226    2.1055   0.0017    MAN 
  33.2667   1081958.000   0.0000     4938.1074   0.1448   0.0710   238.4034    3     126.1226    2.1055   0.0023    MAN 
  35.3458   1252974.375   0.0000     5718.6338   0.1448   0.0710   205.8641    3     126.1226    2.1055   0.0031    MAN 
  37.4250   1436820.750   0.0000     6557.7178   0.1448   0.0710   179.5231    3     126.1226    2.1055   0.0040    MAN 
  39.5042   1633497.000   0.0000     7455.3574   0.1448   0.0710   157.9081    3     126.1226    2.1055   0.0052    MAN 
  41.5833   1843003.250   0.0000     8411.5547   0.1448   0.0710   139.9577    3     126.1226    2.1055   0.0066    MAN 
  43.6625   2065339.250   0.0000     9426.3066   0.1448   0.0710   124.8911    3     126.1226    2.1055   0.0083    MAN 
  45.7417   2300505.250   0.0000    10499.6152   0.1448   0.0710   112.1243    3     126.1226    2.1055   0.0103    MAN 
  47.8208   2548501.250   0.0000    11631.4814   0.1448   0.0710   101.2134    3     126.1226    2.1055   0.0127    MAN 
  49.9000   2829160.000   0.0000    12912.4199   0.1448   0.0710    91.1728    3     126.1226    2.1055   0.0156    MAN 
  51.9792   3336251.250   0.0000    15226.8096   0.1448   0.0710    77.3151    3     126.1226    2.1055   0.0217    MAN 
  54.0583   4000277.250   0.0000    18257.4551   0.1448   0.0710    64.4811    3     126.1226    2.1055   0.0313    LAN 
  56.1375   4788316.500   0.0000    21854.1055   0.1448   0.0710    53.8691    3     126.1226    2.1055   0.0448    LAN 
  58.2167   5240234.500   0.0000    23916.6797   0.1448   0.0710    49.2235    3     126.1226    2.1055   0.0536    LAN 
  60.2958   5104181.000   0.0000    23295.7246   0.1448   0.0710    50.5355    3     126.1226    2.1055   0.0509    LAN 
  62.3750   4765205.000   0.0000    21748.6230   0.1448   0.0710    54.1304    3     126.1226    2.1055   0.0443    LAN 
  64.4542   4437690.000   0.0000    20253.8281   0.1448   0.0710    58.1254    3     126.1226    2.1055   0.0385    LAN 
  66.5333   4121638.500   0.0000    18811.3535   0.1448   0.0710    62.5825    3     126.1226    2.1055   0.0332    LAN 
  68.6125   3817051.500   0.0000    17421.2031   0.1448   0.0710    67.5764    3     126.1226    2.1055   0.0285    LAN 
  70.6917   3523929.000   0.0000    16083.3779   0.1448   0.0710    73.1974    3     126.1226    2.1055   0.0243    LAN 
  72.7708   3242268.750   0.0000    14797.8682   0.1448   0.0710    79.5562    3     126.1226    2.1055   0.0205    LAN 
  74.8500   2972073.750   0.0000    13564.6846   0.1448   0.0710    86.7887    3     126.1226    2.1055   0.0173    LAN 
  76.9292   2713340.500   0.0000    12383.8154   0.1448   0.0710    95.0645    3     126.1226    2.1055   0.0144    LAN 
  79.0084   2466073.000   0.0000    11255.2744   0.1448   0.0710   104.5964    3     126.1226    2.1055   0.0119    LAN 
  81.0875   2230268.000   0.0000    10179.0488   0.1448   0.0710   115.6554    3     126.1226    2.1055   0.0097    LAN 
  83.1667   2005926.000   0.0000     9155.1416   0.1448   0.0710   128.5902    3     126.1226    2.1055   0.0079    LAN 
  85.2459   1793049.750   0.0000     8183.5640   0.1448   0.0710   143.8568    3     126.1226    2.1055   0.0063    LAN 
  87.3250   1591636.500   0.0000     7264.3042   0.1448   0.0710   162.0612    3     126.1226    2.1055   0.0049    LAN 
  89.4042   1401686.250   0.0000     6397.3628   0.1448   0.0710   184.0229    3     126.1226    2.1055   0.0038    LAN 
  91.4834   1223200.500   0.0000     5582.7451   0.1448   0.0710   210.8751    3     126.1226    2.1055   0.0029    LAN 
  93.5625   1056176.250   0.0000     4820.4385   0.1448   0.0710   244.2229    3     126.1226    2.1055   0.0022    LAN 
  95.6417    900616.500   0.0000     4110.4561   0.1448   0.0710   286.4066    3     126.1226    2.1055   0.0016    LAN 
  97.7209    756523.500   0.0000     3452.8091   0.1448   0.0710   340.9576    3     126.1226    2.1055   0.0011    LAN 
  99.8001    622626.000   0.0000     2841.6992   0.1448   0.0710   414.2809    3     126.1224    2.1055   0.0008    LAN 
 101.8792    501672.000   0.0000     2432.9802   0.1448   0.0710   483.8763    3     118.6928    2.1055   0.0005    LAN 
 103.9584    391500.750   0.0000     2029.2426   0.1448   0.0710   580.1483    3     111.0559    2.1055   0.0003    LAN 
 106.0376    291413.250   0.0000     1625.6946   0.1448   0.0710   724.1591    3     103.1843    2.1055   0.0002    LAN 
 108.1167    200692.500   0.0000     1215.4962   0.1448   0.0710   968.5440    3      95.0431    2.1055   0.0001    LAN 
 110.1959    118592.250   0.0000      788.3953   0.1448   0.0710  1493.2377    3      86.5875    2.1055   0.0000    LAN 
 112.2751     63299.813   0.0000      468.6018   0.1448   0.0710  2512.2859    3      77.7574    2.1055   0.0000    MAN 
 114.3542     39942.938   0.0000      335.8089   0.1448   0.0710  3505.7485    3      68.4685    2.1055   0.0000    MAN 
 116.4334     23489.250   0.0000      230.7506   0.1448   0.0710  5101.8794    3      58.5962    2.1055   0.0000    MAN 
 118.5126     12924.375   0.0000      155.1897   0.1448   0.0710  7585.9526    3      47.9391    2.1055   0.0000    MAN 
 120.5918      7135.688   0.0000      113.7005   0.1448   0.0710 10354.0537    3      36.1257    2.1055   0.0000    MAN 
 122.6709      4909.688   0.0000      126.8929   0.1448   0.0710  9277.6025    3      22.2720    2.1055   0.0000    MAN 
 122.6709         0.000   0.0000        0.0000   0.1448   0.0710  9277.6025    3      22.2720    2.1055   0.0000    NONE


  Fuselage Weight Breakdown

                      Weight          Weight          Unit
                      (lbs)          Fraction        Weight
                                                    (lbs/ft2)
     --------------------------------------------------------

     Shell            9486.46         0.0617         2.1055
     Frames             45.56        22.7806         0.0101
     NonOptimum          0.00         0.0000         0.0000
     SEC                 0.00         0.0000         0.0000
     SubTotal         9532.02         0.0620         2.1156
     Vol Penalty         0.00         0.0000         0.0000
     Total            9532.02         0.0620         2.1156



     Surface Area, sqft                      4505.52
     Volume Ratio                               1.00
     Fuselage Total Structural Weight        9532.02
